[19:36:12] [main/WARN]: Ambiguity between arguments [teleport, destination] and [teleport, targets] with inputs: [Player, 0123, @e, dd12be42-52a9-4a91-a8a1-11c01849e498]
[19:36:12] [main/WARN]: Ambiguity between arguments [teleport, location] and [teleport, destination] with inputs: [0.1 -0.5 .9, 0 0 0]
[19:36:12] [main/WARN]: Ambiguity between arguments [teleport, location] and [teleport, targets] with inputs: [0.1 -0.5 .9, 0 0 0]
[19:36:12] [main/WARN]: Ambiguity between arguments [teleport, targets] and [teleport, destination] with inputs: [Player, 0123, dd12be42-52a9-4a91-a8a1-11c01849e498]
[19:36:12] [main/WARN]: Ambiguity between arguments [teleport, targets, location] and [teleport, targets, destination] with inputs: [0.1 -0.5 .9, 0 0 0]
[19:36:13] [Server thread/INFO]: Starting minecraft server version 1.15.2
[19:36:13] [Server thread/INFO]: Loading properties
[19:36:13] [Server thread/INFO]: Default game type: SURVIVAL
[19:36:13] [Server thread/INFO]: Generating keypair
[19:36:13] [Server console handler/ERROR]: Exception handling console input
java.io.IOException: The handle is invalid
	at java.io.FileInputStream.readBytes(Native Method) ~[?:1.8.0_241]
	at java.io.FileInputStream.read(Unknown Source) ~[?:1.8.0_241]
	at java.io.BufferedInputStream.read1(Unknown Source) ~[?:1.8.0_241]
	at java.io.BufferedInputStream.read(Unknown Source) ~[?:1.8.0_241]
	at sun.nio.cs.StreamDecoder.readBytes(Unknown Source) ~[?:1.8.0_241]
	at sun.nio.cs.StreamDecoder.implRead(Unknown Source) ~[?:1.8.0_241]
	at sun.nio.cs.StreamDecoder.read(Unknown Source) ~[?:1.8.0_241]
	at java.io.InputStreamReader.read(Unknown Source) ~[?:1.8.0_241]
	at java.io.BufferedReader.fill(Unknown Source) ~[?:1.8.0_241]
	at java.io.BufferedReader.readLine(Unknown Source) ~[?:1.8.0_241]
	at java.io.BufferedReader.readLine(Unknown Source) ~[?:1.8.0_241]
	at wd$2.run(SourceFile:110) [server.jar:?]
[19:36:14] [Server thread/INFO]: Starting Minecraft server on *:25565
[19:36:14] [Server thread/INFO]: Using default channel type
[19:36:16] [Server thread/INFO]: Preparing level "world"
[19:36:16] [Server thread/INFO]: Converting map!
[19:36:16] [Server thread/INFO]: Scanning folders...
[19:36:16] [Server thread/INFO]: Total conversion count is 0
[19:36:16] [Server thread/INFO]: Found new data pack vanilla, loading it automatically
[19:36:16] [Server thread/INFO]: Reloading ResourceManager: Default
[19:36:18] [Server thread/INFO]: Loaded 6 recipes
[19:36:19] [Server thread/INFO]: Loaded 825 advancements
[19:37:06] [Server thread/ERROR]: Error loading saved data: raids
java.io.IOException: Root tag must be a named compound tag
	at kd.a(SourceFile:82) ~[server.jar:?]
	at kd.a(SourceFile:74) ~[server.jar:?]
	at crl.a(SourceFile:93) ~[server.jar:?]
	at crl.c(SourceFile:71) [server.jar:?]
	at crl.b(SourceFile:58) [server.jar:?]
	at crl.a(SourceFile:42) [server.jar:?]
	at xd.<init>(SourceFile:184) [server.jar:?]
	at net.minecraft.server.MinecraftServer.a(SourceFile:397) [server.jar:?]
	at net.minecraft.server.MinecraftServer.a(SourceFile:387) [server.jar:?]
	at wd.d(SourceFile:219) [server.jar:?]
	at net.minecraft.server.MinecraftServer.run(SourceFile:628) [server.jar:?]
	at java.lang.Thread.run(Unknown Source) [?:1.8.0_241]
[19:37:06] [Server thread/ERROR]: Error loading saved data: raids_nether
java.io.IOException: Root tag must be a named compound tag
	at kd.a(SourceFile:82) ~[server.jar:?]
	at kd.a(SourceFile:74) ~[server.jar:?]
	at crl.a(SourceFile:93) ~[server.jar:?]
	at crl.c(SourceFile:71) [server.jar:?]
	at crl.b(SourceFile:58) [server.jar:?]
	at crl.a(SourceFile:42) [server.jar:?]
	at xd.<init>(SourceFile:184) [server.jar:?]
	at wv.<init>(SourceFile:15) [server.jar:?]
	at net.minecraft.server.MinecraftServer.a(SourceFile:435) [server.jar:?]
	at net.minecraft.server.MinecraftServer.a(SourceFile:387) [server.jar:?]
	at wd.d(SourceFile:219) [server.jar:?]
	at net.minecraft.server.MinecraftServer.run(SourceFile:628) [server.jar:?]
	at java.lang.Thread.run(Unknown Source) [?:1.8.0_241]
[19:37:06] [Server thread/ERROR]: Error loading saved data: raids_end
java.io.IOException: Root tag must be a named compound tag
	at kd.a(SourceFile:82) ~[server.jar:?]
	at kd.a(SourceFile:74) ~[server.jar:?]
	at crl.a(SourceFile:93) ~[server.jar:?]
	at crl.c(SourceFile:71) [server.jar:?]
	at crl.b(SourceFile:58) [server.jar:?]
	at crl.a(SourceFile:42) [server.jar:?]
	at xd.<init>(SourceFile:184) [server.jar:?]
	at wv.<init>(SourceFile:15) [server.jar:?]
	at net.minecraft.server.MinecraftServer.a(SourceFile:435) [server.jar:?]
	at net.minecraft.server.MinecraftServer.a(SourceFile:387) [server.jar:?]
	at wd.d(SourceFile:219) [server.jar:?]
	at net.minecraft.server.MinecraftServer.run(SourceFile:628) [server.jar:?]
	at java.lang.Thread.run(Unknown Source) [?:1.8.0_241]
[19:37:06] [Server thread/INFO]: Preparing start region for dimension minecraft:overworld
[19:37:10] [Server thread/INFO]: Preparing spawn area: 0%
[19:37:10] [Server thread/INFO]: Preparing spawn area: 0%
[19:37:10] [Server thread/INFO]: Preparing spawn area: 0%
[19:37:10] [Server thread/INFO]: Preparing spawn area: 0%
[19:37:10] [Server thread/INFO]: Preparing spawn area: 0%
[19:37:10] [Server thread/INFO]: Preparing spawn area: 0%
[19:37:10] [Server thread/INFO]: Preparing spawn area: 0%
[19:37:10] [Server thread/INFO]: Preparing spawn area: 0%
[19:37:10] [Server thread/INFO]: Preparing spawn area: 0%
[19:37:11] [Server thread/INFO]: Preparing spawn area: 0%
[19:37:11] [Server thread/INFO]: Preparing spawn area: 0%
[19:37:12] [Server thread/INFO]: Preparing spawn area: 0%
[19:37:12] [Server thread/INFO]: Preparing spawn area: 0%
[19:37:25] [Server-Worker-1/INFO]: Preparing spawn area: 0%
[19:37:25] [Server-Worker-2/INFO]: Preparing spawn area: 0%
[19:37:25] [Server-Worker-2/INFO]: Preparing spawn area: 0%
[19:37:25] [Server-Worker-2/INFO]: Preparing spawn area: 0%
[19:37:25] [Server-Worker-2/INFO]: Preparing spawn area: 0%
[19:37:25] [Server-Worker-2/INFO]: Preparing spawn area: 0%
[19:37:25] [Server-Worker-2/INFO]: Preparing spawn area: 0%
[19:37:25] [Server-Worker-2/INFO]: Preparing spawn area: 0%
[19:37:25] [Server-Worker-2/INFO]: Preparing spawn area: 0%
[19:37:25] [Server-Worker-2/INFO]: Preparing spawn area: 0%
[19:37:25] [Server-Worker-2/INFO]: Preparing spawn area: 0%
[19:37:25] [Server-Worker-2/INFO]: Preparing spawn area: 0%
[19:37:25] [Server-Worker-2/INFO]: Preparing spawn area: 0%
[19:37:25] [Server-Worker-2/INFO]: Preparing spawn area: 0%
[19:37:25] [Server-Worker-2/INFO]: Preparing spawn area: 0%
[19:37:25] [Server-Worker-2/INFO]: Preparing spawn area: 0%
[19:37:25] [Server-Worker-2/INFO]: Preparing spawn area: 0%
[19:37:25] [Server-Worker-2/INFO]: Preparing spawn area: 0%
[19:37:25] [Server-Worker-2/INFO]: Preparing spawn area: 0%
[19:37:25] [Server-Worker-2/INFO]: Preparing spawn area: 0%
[19:37:25] [Server-Worker-2/INFO]: Preparing spawn area: 0%
[19:37:25] [Server-Worker-2/INFO]: Preparing spawn area: 0%
[19:37:25] [Server-Worker-2/INFO]: Preparing spawn area: 0%
[19:37:25] [Server-Worker-2/INFO]: Preparing spawn area: 0%
[19:37:25] [Server-Worker-2/INFO]: Preparing spawn area: 0%
[19:37:25] [Server-Worker-2/INFO]: Preparing spawn area: 0%
[19:37:26] [Server-Worker-3/INFO]: Preparing spawn area: 0%
[19:37:26] [Server-Worker-1/INFO]: Preparing spawn area: 0%
[19:37:27] [Server-Worker-1/INFO]: Preparing spawn area: 0%
[19:37:30] [Server-Worker-1/INFO]: Preparing spawn area: 0%
[19:37:30] [Server-Worker-1/INFO]: Preparing spawn area: 0%
[19:37:30] [Server thread/INFO]: Preparing spawn area: 0%
[19:37:30] [Server thread/INFO]: Preparing spawn area: 0%
[19:37:30] [Server thread/INFO]: Preparing spawn area: 0%
[19:37:30] [Server thread/INFO]: Preparing spawn area: 0%
[19:37:30] [Server thread/INFO]: Preparing spawn area: 0%
[19:37:31] [Server-Worker-3/INFO]: Preparing spawn area: 47%
[19:37:31] [Server-Worker-3/INFO]: Preparing spawn area: 70%
[19:37:32] [Server-Worker-3/INFO]: Preparing spawn area: 71%
[19:37:32] [Server-Worker-3/INFO]: Preparing spawn area: 72%
[19:37:33] [Server-Worker-1/INFO]: Preparing spawn area: 73%
[19:37:33] [Server-Worker-3/INFO]: Preparing spawn area: 74%
[19:37:34] [Server-Worker-3/INFO]: Preparing spawn area: 75%
[19:37:34] [Server-Worker-1/INFO]: Preparing spawn area: 75%
[19:37:35] [Server-Worker-3/INFO]: Preparing spawn area: 78%
[19:37:35] [Server-Worker-1/INFO]: Preparing spawn area: 78%
[19:37:36] [Server-Worker-2/INFO]: Preparing spawn area: 81%
[19:37:36] [Server-Worker-1/INFO]: Preparing spawn area: 81%
[19:37:37] [Server-Worker-1/INFO]: Preparing spawn area: 81%
[19:37:37] [Server-Worker-3/INFO]: Preparing spawn area: 85%
[19:37:39] [Server-Worker-3/INFO]: Preparing spawn area: 85%
[19:37:39] [Server-Worker-3/INFO]: Preparing spawn area: 85%
[19:37:39] [Server-Worker-3/INFO]: Preparing spawn area: 85%
[19:37:39] [Server-Worker-3/INFO]: Preparing spawn area: 85%
[19:37:41] [Server-Worker-2/INFO]: Preparing spawn area: 93%
[19:37:41] [Server-Worker-2/INFO]: Preparing spawn area: 93%
[19:37:41] [Server-Worker-2/INFO]: Preparing spawn area: 93%
[19:37:41] [Server-Worker-2/INFO]: Preparing spawn area: 93%
[19:37:41] [Server thread/INFO]: Time elapsed: 35185 ms
[19:37:41] [Server thread/INFO]: Done (85.314s)! For help, type "help"
[19:37:47] [User Authenticator #1/INFO]: UUID of player _Cheetahmoo_ is 5f23f964-41b6-4fc9-9942-14a20e47645c
[19:37:48] [Server thread/INFO]: _Cheetahmoo_[/127.0.0.1:50101] logged in with entity id 26 at (689.4819091268022, 64.0, -2145.5737552854393)
[19:37:48] [Server thread/INFO]: _Cheetahmoo_ joined the game
[19:37:50] [Server thread/WARN]: Can't keep up! Is the server overloaded? Running 2005ms or 40 ticks behind
[19:38:17] [Server thread/WARN]: Can't keep up! Is the server overloaded? Running 12900ms or 258 ticks behind
[19:38:36] [Server thread/WARN]: Can't keep up! Is the server overloaded? Running 3153ms or 63 ticks behind
[19:42:56] [Server thread/INFO]: _Cheetahmoo_ was slain by Enderman
[19:43:02] [Server thread/WARN]: Can't keep up! Is the server overloaded? Running 2626ms or 52 ticks behind
[19:45:06] [Server thread/WARN]: Fetching packet for removed entity awb['Air'/1417, l='world', x=734.16, y=63.00, z=-2155.47]
[20:03:11] [Server thread/INFO]: _Cheetahmoo_ lost connection: Disconnected
[20:03:11] [Server thread/INFO]: _Cheetahmoo_ left the game
[20:04:48] [User Authenticator #2/INFO]: UUID of player _Cheetahmoo_ is 5f23f964-41b6-4fc9-9942-14a20e47645c
[20:04:49] [Server thread/INFO]: _Cheetahmoo_[/127.0.0.1:50290] logged in with entity id 4084 at (592.6174323623429, 11.0, -2092.5588687166164)
[20:04:49] [Server thread/INFO]: _Cheetahmoo_ joined the game
[20:08:04] [Server thread/WARN]: Can't keep up! Is the server overloaded? Running 2155ms or 43 ticks behind
[20:12:55] [Server thread/WARN]: Can't keep up! Is the server overloaded? Running 2021ms or 40 ticks behind
[20:15:46] [Server thread/INFO]: [_Cheetahmoo_: Gamerule doImmediateRespawn is now set to: true]
[20:16:00] [Server thread/INFO]: [_Cheetahmoo_: Gave 1000 experience points to _Cheetahmoo_]
[20:18:42] [User Authenticator #3/INFO]: UUID of player herbertthezombie is b13b1d6c-8bce-431b-991c-7436b3c30c21
[20:18:43] [Server thread/INFO]: herbertthezombie[/192.168.1.47:4924] logged in with entity id 6378 at (716.1308211665938, 70.0, -2111.3676912333644)
[20:18:43] [Server thread/INFO]: herbertthezombie joined the game
[20:21:57] [Server thread/WARN]: Can't keep up! Is the server overloaded? Running 2062ms or 41 ticks behind
[20:22:24] [Server thread/INFO]: herbertthezombie was slain by Iron Golem
[20:28:30] [Server thread/INFO]: _Cheetahmoo_ has made the advancement [Enchanter]
[20:29:36] [Server thread/INFO]: herbertthezombie has made the advancement [Enchanter]
[20:33:17] [Server thread/WARN]: Fetching packet for removed entity awb['Air'/8320, l='world', x=731.25, y=63.00, z=-2162.39]
[20:33:17] [Server thread/WARN]: Fetching packet for removed entity awb['Air'/8320, l='world', x=731.25, y=63.00, z=-2162.39]
[20:39:04] [Server thread/INFO]: herbertthezombie lost connection: Disconnected
[20:39:04] [Server thread/INFO]: herbertthezombie left the game
[20:42:23] [Server thread/INFO]: _Cheetahmoo_ lost connection: Disconnected
[20:42:23] [Server thread/INFO]: _Cheetahmoo_ left the game
[20:43:12] [Server thread/INFO]: Stopping the server
[20:43:12] [Server thread/INFO]: Stopping server
[20:43:12] [Server thread/INFO]: Saving players
[20:43:12] [Server thread/INFO]: Saving worlds
[20:43:12] [Server thread/INFO]: Saving chunks for level 'world'/minecraft:the_nether
[20:43:12] [Server thread/INFO]: ThreadedAnvilChunkStorage (DIM-1): All chunks are saved
[20:43:12] [Server thread/INFO]: Saving chunks for level 'world'/minecraft:overworld
[20:43:12] [Server thread/INFO]: ThreadedAnvilChunkStorage (world): All chunks are saved
[20:43:12] [Server thread/INFO]: Saving chunks for level 'world'/minecraft:the_end
[20:43:12] [Server thread/INFO]: ThreadedAnvilChunkStorage (DIM1): All chunks are saved
[20:43:12] [Server thread/INFO]: ThreadedAnvilChunkStorage (DIM-1): All chunks are saved
[20:43:12] [Server thread/INFO]: ThreadedAnvilChunkStorage (world): All chunks are saved
[20:43:12] [Server thread/INFO]: ThreadedAnvilChunkStorage (DIM1): All chunks are saved
